<?xml version="1.0" encoding="UTF-8"?>
<!-- Generated by org.testng.reporters.JUnitReportReporter -->
<testsuite hostname="Nikolaj" name="com.example.tests.AlsoGroupCreationTests" tests="2" failures="0" timestamp="25 May 2014 06:41:27 GMT" time="4.092" errors="0">
  <testcase name="testNonEmptyGroupCreation" time="1.979" classname="com.example.tests.AlsoGroupCreationTests"/>
  <testcase name="testEmptyGroupCreation" time="2.113" classname="com.example.tests.AlsoGroupCreationTests"/>
</testsuite> <!-- com.example.tests.AlsoGroupCreationTests -->
