<?xml version="1.0" encoding="UTF-8"?>
<!-- Generated by org.testng.reporters.JUnitReportReporter -->
<testsuite hostname="Nikolaj" name="com.example.tests.GroupCreationTests" tests="2" failures="0" timestamp="25 May 2014 21:38:31 GMT" time="3.944" errors="0">
  <testcase name="testNonEmptyGroupCreation" time="1.850" classname="com.example.tests.GroupCreationTests"/>
  <testcase name="testEmptyGroupCreation" time="2.094" classname="com.example.tests.GroupCreationTests"/>
</testsuite> <!-- com.example.tests.GroupCreationTests -->
