<?xml version="1.0" encoding="UTF-8"?>
<!-- Generated by org.testng.reporters.JUnitReportReporter -->
<testsuite hostname="Nikolaj" name="com.example.tests.ContactCreationTests" tests="2" failures="0" timestamp="25 May 2014 11:47:50 GMT" time="4.777" errors="0">
  <testcase name="testEmptyContactCreation" time="2.249" classname="com.example.tests.ContactCreationTests"/>
  <testcase name="testNonEmptyContactCreation" time="2.528" classname="com.example.tests.ContactCreationTests"/>
</testsuite> <!-- com.example.tests.ContactCreationTests -->
