<?xml version="1.0" encoding="UTF-8"?>
<!-- Generated by org.testng.reporters.JUnitReportReporter -->
<testsuite hostname="Nikolaj" name="com.example.tests.GroupCreationTests" tests="2" failures="0" timestamp="25 May 2014 11:47:50 GMT" time="3.839" errors="0">
  <testcase name="testNonEmptyGroupCreation" time="1.968" classname="com.example.tests.GroupCreationTests"/>
  <testcase name="testEmptyGroupCreation" time="1.871" classname="com.example.tests.GroupCreationTests"/>
</testsuite> <!-- com.example.tests.GroupCreationTests -->
