<?xml version="1.0" encoding="UTF-8"?>
<!-- Generated by org.testng.reporters.JUnitReportReporter -->
<testsuite hostname="Nikolaj" name="com.example.tests.AlsoGroupCreationTests" tests="2" failures="0" timestamp="23 May 2014 03:53:46 GMT" time="3.565" errors="0">
  <testcase name="testNonEmptyGroupCreation" time="1.767" classname="com.example.tests.AlsoGroupCreationTests"/>
  <testcase name="testEmptyGroupCreation" time="1.798" classname="com.example.tests.AlsoGroupCreationTests"/>
</testsuite> <!-- com.example.tests.AlsoGroupCreationTests -->
