<?xml version="1.0" encoding="UTF-8"?>
<!-- Generated by org.testng.reporters.JUnitReportReporter -->
<testsuite hostname="Nikolaj" name="com.example.tests.GroupCreationTests" tests="2" failures="0" timestamp="23 May 2014 03:53:46 GMT" time="2.368" errors="0">
  <testcase name="testNonEmptyGroupCreation" time="1.257" classname="com.example.tests.GroupCreationTests"/>
  <testcase name="testEmptyGroupCreation" time="1.111" classname="com.example.tests.GroupCreationTests"/>
</testsuite> <!-- com.example.tests.GroupCreationTests -->
